
<beans xmlns="http://www.springframework.org/schema/beans"
	xmlns:xsi="http://www.w3.org/2001/XMLSchema-instance" xmlns:rabbit="http://www.springframework.org/schema/rabbit"
	xmlns:context="http://www.springframework.org/schema/context"
	xmlns:oxm="http://www.springframework.org/schema/oxm"
	xsi:schemaLocation="http://www.springframework.org/schema/rabbit
           http://www.springframework.org/schema/rabbit/spring-rabbit.xsd
           http://www.springframework.org/schema/beans
           http://www.springframework.org/schema/beans/spring-beans.xsd
           http://www.springframework.org/schema/oxm
           http://www.springframework.org/schema/oxm/spring-oxm.xsd">

	<!-- read the queue name properties from an external file -->
	<bean
		class="org.springframework.beans.factory.config.PropertyPlaceholderConfigurer">
		<property name="locations">
			<list>
				<value>classpath:Test-solution-change-event-queue.properties</value>
				<value>file:config/application.properties</value>
			</list>
		</property>
	</bean>

	<bean id="orchestrator"
		class="com.ge.predix.solsvc.dispatcherq.orchestrationclient.clientstub.RmdOrchestrationClient" />
	<bean id="orchestrationConfig"
		class="com.ge.predix.solsvc.dispatcherq.config.OrchestrationRestConfig" />

	<bean id="fieldChangedEventMessageHandler"
		class="com.ge.predix.solsvc.dispatcherq.consumer.handler.FieldChangedEventMessageHandler" />

	<bean id="jacksonMessageConverter"
		class="org.springframework.amqp.support.converter.Jackson2JsonMessageConverter" />
		
	<rabbit:connection-factory id="fieldChangedEventConnectionFactory"
		addresses="${rabbitMQ.host}:${rabbitMQ.port}" />
	<rabbit:admin connection-factory="fieldChangedEventConnectionFactory" />

	<rabbit:template id="fieldChangedEventTemplate"
		connection-factory="fieldChangedEventConnectionFactory"
		message-converter="jacksonMessageConverter" />

	<rabbit:queue name="mainq" />
	<rabbit:queue name="errorq" />

</beans>